<?xml version="1.0" encoding="UTF-8"?>
<testng-results ignored="0" total="1" passed="1" failed="0" skipped="0">
  <reporter-output>
  </reporter-output>
  <suite started-at="2022-07-03T13:39:20 AMT" name="Regression run for ui e2e tests" finished-at="2022-07-03T13:39:59 AMT" duration-ms="39513">
    <groups>
    </groups>
    <test started-at="2022-07-03T13:39:20 AMT" name="Chrome browser" finished-at="2022-07-03T13:39:59 AMT" duration-ms="39513">
      <class name="VerifySkillsCount">
        <test-method is-config="true" signature="setup()[pri:0, instance:VerifySkillsCount@394a2528]" started-at="2022-07-03T13:39:20 AMT" name="setup" description="Before class" finished-at="2022-07-03T13:39:40 AMT" duration-ms="20089" status="PASS">
          <reporter-output>
          </reporter-output>
        </test-method> <!-- setup -->
        <test-method signature="verifyThatJobContainsExactlyFiveSkills()[pri:0, instance:VerifySkillsCount@394a2528]" started-at="2022-07-03T13:39:40 AMT" name="verifyThatJobContainsExactlyFiveSkills" description="Verify that paragraph under Professional skills and qualification: contains exactly 5 skills." finished-at="2022-07-03T13:39:59 AMT" duration-ms="19263" status="PASS">
          <reporter-output>
          </reporter-output>
        </test-method> <!-- verifyThatJobContainsExactlyFiveSkills -->
        <test-method is-config="true" signature="tearDown()[pri:0, instance:VerifySkillsCount@394a2528]" started-at="2022-07-03T13:39:59 AMT" name="tearDown" description="After method" finished-at="2022-07-03T13:39:59 AMT" duration-ms="124" status="PASS">
          <reporter-output>
          </reporter-output>
        </test-method> <!-- tearDown -->
      </class> <!-- VerifySkillsCount -->
    </test> <!-- Chrome browser -->
  </suite> <!-- Regression run for ui e2e tests -->
</testng-results>
